<?xml version="1.0" encoding="UTF-8"?>
<testng-results skipped="0" failed="0" ignored="0" total="1" passed="1">
  <reporter-output>
  </reporter-output>
  <suite name="Default suite" duration-ms="172199" started-at="2017-07-31T10:36:48Z" finished-at="2017-07-31T10:39:41Z">
    <groups>
    </groups>
    <test name="Default test" duration-ms="172199" started-at="2017-07-31T10:36:48Z" finished-at="2017-07-31T10:39:41Z">
      <class name="regressionTestPlans.BRDGTXA_VR_RapidTansfusion">
        <test-method status="PASS" signature="systemManagerSettingsTest()[pri:0, instance:regressionTestPlans.BRDGTXA_VR_RapidTansfusion@18df8434]" name="systemManagerSettingsTest" is-config="true" duration-ms="60408" started-at="2017-07-31T16:06:48Z" finished-at="2017-07-31T16:07:49Z">
          <reporter-output>
          </reporter-output>
        </test-method> <!-- systemManagerSettingsTest -->
        <test-method status="PASS" signature="rapidTransfusion()[pri:0, instance:regressionTestPlans.BRDGTXA_VR_RapidTansfusion@18df8434]" name="rapidTransfusion" duration-ms="110518" started-at="2017-07-31T16:07:49Z" finished-at="2017-07-31T16:09:39Z">
          <reporter-output>
          </reporter-output>
        </test-method> <!-- rapidTransfusion -->
        <test-method status="PASS" signature="postTest()[pri:0, instance:regressionTestPlans.BRDGTXA_VR_RapidTansfusion@18df8434]" name="postTest" is-config="true" duration-ms="1247" started-at="2017-07-31T16:09:39Z" finished-at="2017-07-31T16:09:41Z">
          <reporter-output>
          </reporter-output>
        </test-method> <!-- postTest -->
      </class> <!-- regressionTestPlans.BRDGTXA_VR_RapidTansfusion -->
    </test> <!-- Default test -->
  </suite> <!-- Default suite -->
</testng-results>
