# JRE version: Java(TM) SE Runtime Environment (8.0_101-b13) (build 1.8.0_101-b13)
# Java VM: Java HotSpot(TM) 64-Bit Server VM (25.101-b13 mixed mode windows-amd64 compressed oops)
Heap:
 PSYoungGen      total 29184K, used 19568K [0x00000000e0000000, 0x00000000e2400000, 0x0000000100000000)
  eden space 21504K, 90% used [0x00000000e0000000,0x00000000e12f4200,0x00000000e1500000)
  from space 7680K, 2% used [0x00000000e1500000,0x00000000e1528000,0x00000000e1c80000)
  to   space 7680K, 0% used [0x00000000e1c80000,0x00000000e1c80000,0x00000000e2400000)
 ParOldGen       total 65536K, used 10380K [0x00000000a0000000, 0x00000000a4000000, 0x00000000e0000000)
  object space 65536K, 15% used [0x00000000a0000000,0x00000000a0a23220,0x00000000a4000000)
 Metaspace       used 19378K, capacity 19888K, committed 20096K, reserved 1067008K
  class space    used 2291K, capacity 2425K, committed 2432K, reserved 1048576K
GC Heap History (10 events):
Event: 1843.828 GC heap before
{Heap before GC invocations=13 (full 0):
 PSYoungGen      total 30208K, used 21664K [0x00000000e0000000, 0x00000000e2600000, 0x0000000100000000)
  eden space 21504K, 100% used [0x00000000e0000000,0x00000000e1500000,0x00000000e1500000)
  from space 8704K, 1% used [0x00000000e1d80000,0x00000000e1da8000,0x00000000e2600000)
  to   space 8704K, 0% used [0x00000000e1500000,0x00000000e1500000,0x00000000e1d80000)
 ParOldGen       total 65536K, used 10300K [0x00000000a0000000, 0x00000000a4000000, 0x00000000e0000000)
  object space 65536K, 15% used [0x00000000a0000000,0x00000000a0a0f220,0x00000000a4000000)
 Metaspace       used 19375K, capacity 19824K, committed 19840K, reserved 1067008K
  class space    used 2291K, capacity 2425K, committed 2432K, reserved 1048576K
Event: 1843.832 GC heap after
Heap after GC invocations=13 (full 0):
 PSYoungGen      total 22016K, used 192K [0x00000000e0000000, 0x00000000e2500000, 0x0000000100000000)
  eden space 21504K, 0% used [0x00000000e0000000,0x00000000e0000000,0x00000000e1500000)
  from space 512K, 37% used [0x00000000e1500000,0x00000000e1530000,0x00000000e1580000)
  to   space 8192K, 0% used [0x00000000e1d00000,0x00000000e1d00000,0x00000000e2500000)
 ParOldGen       total 65536K, used 10316K [0x00000000a0000000, 0x00000000a4000000, 0x00000000e0000000)
  object space 65536K, 15% used [0x00000000a0000000,0x00000000a0a13220,0x00000000a4000000)
 Metaspace       used 19375K, capacity 19824K, committed 19840K, reserved 1067008K
  class space    used 2291K, capacity 2425K, committed 2432K, reserved 1048576K
}
Event: 2030.541 GC heap before
{Heap before GC invocations=14 (full 0):
 PSYoungGen      total 22016K, used 21696K [0x00000000e0000000, 0x00000000e2500000, 0x0000000100000000)
  eden space 21504K, 100% used [0x00000000e0000000,0x00000000e1500000,0x00000000e1500000)
  from space 512K, 37% used [0x00000000e1500000,0x00000000e1530000,0x00000000e1580000)
  to   space 8192K, 0% used [0x00000000e1d00000,0x00000000e1d00000,0x00000000e2500000)
 ParOldGen       total 65536K, used 10316K [0x00000000a0000000, 0x00000000a4000000, 0x00000000e0000000)
  object space 65536K, 15% used [0x00000000a0000000,0x00000000a0a13220,0x00000000a4000000)
 Metaspace       used 19375K, capacity 19824K, committed 19840K, reserved 1067008K
  class space    used 2291K, capacity 2425K, committed 2432K, reserved 1048576K
Event: 2030.556 GC heap after
Heap after GC invocations=14 (full 0):
 PSYoungGen      total 29696K, used 160K [0x00000000e0000000, 0x00000000e2500000, 0x0000000100000000)
  eden space 21504K, 0% used [0x00000000e0000000,0x00000000e0000000,0x00000000e1500000)
  from space 8192K, 1% used [0x00000000e1d00000,0x00000000e1d28000,0x00000000e2500000)
  to   space 8192K, 0% used [0x00000000e1500000,0x00000000e1500000,0x00000000e1d00000)
 ParOldGen       total 65536K, used 10332K [0x00000000a0000000, 0x00000000a4000000, 0x00000000e0000000)
  object space 65536K, 15% used [0x00000000a0000000,0x00000000a0a17220,0x00000000a4000000)
 Metaspace       used 19375K, capacity 19824K, committed 19840K, reserved 1067008K
  class space    used 2291K, capacity 2425K, committed 2432K, reserved 1048576K
}
Event: 2214.685 GC heap before
{Heap before GC invocations=15 (full 0):
 PSYoungGen      total 29696K, used 21664K [0x00000000e0000000, 0x00000000e2500000, 0x0000000100000000)
  eden space 21504K, 100% used [0x00000000e0000000,0x00000000e1500000,0x00000000e1500000)
  from space 8192K, 1% used [0x00000000e1d00000,0x00000000e1d28000,0x00000000e2500000)
  to   space 8192K, 0% used [0x00000000e1500000,0x00000000e1500000,0x00000000e1d00000)
 ParOldGen       total 65536K, used 10332K [0x00000000a0000000, 0x00000000a4000000, 0x00000000e0000000)
  object space 65536K, 15% used [0x00000000a0000000,0x00000000a0a17220,0x00000000a4000000)
 Metaspace       used 19375K, capacity 19824K, committed 19840K, reserved 1067008K
  class space    used 2291K, capacity 2425K, committed 2432K, reserved 1048576K
Event: 2214.700 GC heap after
Heap after GC invocations=15 (full 0):
 PSYoungGen      total 29696K, used 192K [0x00000000e0000000, 0x00000000e2500000, 0x0000000100000000)
  eden space 21504K, 0% used [0x00000000e0000000,0x00000000e0000000,0x00000000e1500000)
  from space 8192K, 2% used [0x00000000e1500000,0x00000000e1530000,0x00000000e1d00000)
  to   space 8192K, 0% used [0x00000000e1d00000,0x00000000e1d00000,0x00000000e2500000)
 ParOldGen       total 65536K, used 10348K [0x00000000a0000000, 0x00000000a4000000, 0x00000000e0000000)
  object space 65536K, 15% used [0x00000000a0000000,0x00000000a0a1b220,0x00000000a4000000)
 Metaspace       used 19375K, capacity 19824K, committed 19840K, reserved 1067008K
  class space    used 2291K, capacity 2425K, committed 2432K, reserved 1048576K
}
Event: 2407.889 GC heap before
{Heap before GC invocations=16 (full 0):
 PSYoungGen      total 29696K, used 21696K [0x00000000e0000000, 0x00000000e2500000, 0x0000000100000000)
  eden space 21504K, 100% used [0x00000000e0000000,0x00000000e1500000,0x00000000e1500000)
  from space 8192K, 2% used [0x00000000e1500000,0x00000000e1530000,0x00000000e1d00000)
  to   space 8192K, 0% used [0x00000000e1d00000,0x00000000e1d00000,0x00000000e2500000)
 ParOldGen       total 65536K, used 10348K [0x00000000a0000000, 0x00000000a4000000, 0x00000000e0000000)
  object space 65536K, 15% used [0x00000000a0000000,0x00000000a0a1b220,0x00000000a4000000)
 Metaspace       used 19375K, capacity 19824K, committed 19840K, reserved 1067008K
  class space    used 2291K, capacity 2425K, committed 2432K, reserved 1048576K
Event: 2407.901 GC heap after
Heap after GC invocations=16 (full 0):
 PSYoungGen      total 28672K, used 192K [0x00000000e0000000, 0x00000000e2400000, 0x0000000100000000)
  eden space 21504K, 0% used [0x00000000e0000000,0x00000000e0000000,0x00000000e1500000)
  from space 7168K, 2% used [0x00000000e1d00000,0x00000000e1d30000,0x00000000e2400000)
  to   space 7680K, 0% used [0x00000000e1500000,0x00000000e1500000,0x00000000e1c80000)
 ParOldGen       total 65536K, used 10372K [0x00000000a0000000, 0x00000000a4000000, 0x00000000e0000000)
  object space 65536K, 15% used [0x00000000a0000000,0x00000000a0a21220,0x00000000a4000000)
 Metaspace       used 19375K, capacity 19824K, committed 19840K, reserved 1067008K
  class space    used 2291K, capacity 2425K, committed 2432K, reserved 1048576K
}
Event: 2616.167 GC heap before
{Heap before GC invocations=17 (full 0):
 PSYoungGen      total 28672K, used 21696K [0x00000000e0000000, 0x00000000e2400000, 0x0000000100000000)
  eden space 21504K, 100% used [0x00000000e0000000,0x00000000e1500000,0x00000000e1500000)
  from space 7168K, 2% used [0x00000000e1d00000,0x00000000e1d30000,0x00000000e2400000)
  to   space 7680K, 0% used [0x00000000e1500000,0x00000000e1500000,0x00000000e1c80000)
 ParOldGen       total 65536K, used 10372K [0x00000000a0000000, 0x00000000a4000000, 0x00000000e0000000)
  object space 65536K, 15% used [0x00000000a0000000,0x00000000a0a21220,0x00000000a4000000)
 Metaspace       used 19377K, capacity 19888K, committed 20096K, reserved 1067008K
  class space    used 2291K, capacity 2425K, committed 2432K, reserved 1048576K
Event: 2616.172 GC heap after
Heap after GC invocations=17 (full 0):
 PSYoungGen      total 29184K, used 160K [0x00000000e0000000, 0x00000000e2400000, 0x0000000100000000)
  eden space 21504K, 0% used [0x00000000e0000000,0x00000000e0000000,0x00000000e1500000)
  from space 7680K, 2% used [0x00000000e1500000,0x00000000e1528000,0x00000000e1c80000)
  to   space 7680K, 0% used [0x00000000e1c80000,0x00000000e1c80000,0x00000000e2400000)
 ParOldGen       total 65536K, used 10380K [0x00000000a0000000, 0x00000000a4000000, 0x00000000e0000000)
  object space 65536K, 15% used [0x00000000a0000000,0x00000000a0a23220,0x00000000a4000000)
 Metaspace       used 19377K, capacity 19888K, committed 20096K, reserved 1067008K
  class space    used 2291K, capacity 2425K, committed 2432K, reserved 1048576K
}

